Flutter crash report.
Please report a bug at https://github.com/flutter/flutter/issues.

## command

flutter run --machine -d emulator-5554 --profile --devtools-server-address http://127.0.0.1:9100/ --target lib/main.dart

## exception

String: failed to connect to http://127.0.0.1:63831/ubcPOMZn8Bc=/

```
```

## flutter doctor

```
[!] Flutter (Channel stable, 3.13.0, on macOS 13.2.1 22D68 darwin-arm64, locale en-KR)
    • Flutter version 3.13.0 on channel stable at /Users/yuda/development/flutter
    ! The flutter binary is not on your path. Consider adding /Users/yuda/development/flutter/bin to your path.
    ! The dart binary is not on your path. Consider adding /Users/yuda/development/flutter/bin to your path.
    • Upstream repository https://github.com/flutter/flutter.git
    • Framework revision efbf63d9c6 (3 weeks ago), 2023-08-15 21:05:06 -0500
    • Engine revision 1ac611c64e
    • Dart version 3.1.0
    • DevTools version 2.25.0
    • If those were intentional, you can disregard the above warnings; however it is recommended to use "git" directly to perform update checks and upgrades.

[✓] Android toolchain - develop for Android devices (Android SDK version 34.0.0)
    • Android SDK at /Users/yuda/Library/Android/sdk
    • Platform android-34, build-tools 34.0.0
    • Java binary at: /Applications/Android Studio.app/Contents/jbr/Contents/Home/bin/java
    • Java version OpenJDK Runtime Environment (build 17.0.6+0-17.0.6b829.9-10027231)
    • All Android licenses accepted.

[✗] Xcode - develop for iOS and macOS
    ✗ Xcode installation is incomplete; a full installation is necessary for iOS and macOS development.
      Download at: https://developer.apple.com/xcode/download/
      Or install Xcode via the App Store.
      Once installed, run:
        sudo xcode-select --switch /Applications/Xcode.app/Contents/Developer
        sudo xcodebuild -runFirstLaunch
    ✗ CocoaPods not installed.
        CocoaPods is used to retrieve the iOS and macOS platform side's plugin code that responds to your plugin usage on the Dart side.
        Without CocoaPods, plugins will not work on iOS or macOS.
        For more info, see https://flutter.dev/platform-plugins
      To install see https://guides.cocoapods.org/using/getting-started.html#installation for instructions.

[✓] Chrome - develop for the web
    • Chrome at /Applications/Google Chrome.app/Contents/MacOS/Google Chrome

[✓] Android Studio (version 2022.3)
    • Android Studio at /Applications/Android Studio.app/Contents
    • Flutter plugin can be installed from:
      🔨 https://plugins.jetbrains.com/plugin/9212-flutter
    • Dart plugin can be installed from:
      🔨 https://plugins.jetbrains.com/plugin/6351-dart
    • Java version OpenJDK Runtime Environment (build 17.0.6+0-17.0.6b829.9-10027231)

[✓] VS Code (version 1.81.1)
    • VS Code at /Applications/Visual Studio Code.app/Contents
    • Flutter extension version 3.70.0

[✓] Connected device (3 available)
    • sdk gphone64 arm64 (mobile) • emulator-5554 • android-arm64  • Android 12 (API 31) (emulator)
    • macOS (desktop)             • macos         • darwin-arm64   • macOS 13.2.1 22D68 darwin-arm64
    • Chrome (web)                • chrome        • web-javascript • Google Chrome 116.0.5845.140

[✓] Network resources
    • All expected network resources are available.

! Doctor found issues in 2 categories.
```
